{"src/backbone.picky.js":{"path":"src/backbone.picky.js","s":{"1":1,"2":1,"3":1,"4":24,"5":1,"6":41,"7":14,"8":27,"9":27,"10":27,"11":27,"12":41,"13":24,"14":17,"15":17,"16":5,"17":12,"18":12,"19":12,"20":1,"21":77,"22":77,"23":77,"24":1,"25":140,"26":138,"27":20,"28":118,"29":118,"30":118,"31":2,"32":45,"33":10,"34":35,"35":35,"36":35,"37":22,"38":44,"39":22,"40":0,"41":15,"42":0,"43":15,"44":30,"45":15,"46":9,"47":3,"48":6,"49":4,"50":1,"51":4,"52":4,"53":2,"54":0,"55":2,"56":4,"57":4,"58":8,"59":5,"60":4,"61":1,"62":192,"63":1,"64":282,"65":129,"66":153,"67":153,"68":153,"69":147,"70":100,"71":55,"72":45,"73":45,"74":45,"75":43,"76":0,"77":0,"78":0,"79":1,"80":190,"81":190,"82":190,"83":77,"84":77,"85":113,"86":36,"87":36,"88":77,"89":77,"90":77,"91":1},"b":{"1":[14,27],"2":[41,41],"3":[24,17],"4":[17,6],"5":[5,12],"6":[138,2],"7":[140,5,3],"8":[20,118],"9":[10,35],"10":[0,15],"11":[3,6],"12":[1,3],"13":[0,2],"14":[5,3],"15":[129,153],"16":[147,6],"17":[55,45],"18":[43,2],"19":[0,0],"20":[77,113],"21":[36,77],"22":[77,0],"23":[77,77]},"f":{"1":1,"2":24,"3":41,"4":41,"5":77,"6":140,"7":45,"8":22,"9":44,"10":0,"11":15,"12":30,"13":9,"14":4,"15":2,"16":4,"17":8,"18":192,"19":282,"20":100,"21":0,"22":190},"fnMap":{"1":{"name":"(anonymous_1)","line":4,"loc":{"start":{"line":4,"column":18},"end":{"line":4,"column":41}}},"2":{"name":"(anonymous_2)","line":14,"loc":{"start":{"line":14,"column":25},"end":{"line":14,"column":47}}},"3":{"name":"(anonymous_3)","line":22,"loc":{"start":{"line":22,"column":16},"end":{"line":22,"column":33}}},"4":{"name":"(anonymous_4)","line":36,"loc":{"start":{"line":36,"column":18},"end":{"line":36,"column":35}}},"5":{"name":"(anonymous_5)","line":59,"loc":{"start":{"line":59,"column":24},"end":{"line":59,"column":61}}},"6":{"name":"(anonymous_6)","line":70,"loc":{"start":{"line":70,"column":16},"end":{"line":70,"column":33}}},"7":{"name":"(anonymous_7)","line":86,"loc":{"start":{"line":86,"column":18},"end":{"line":86,"column":35}}},"8":{"name":"(anonymous_8)","line":97,"loc":{"start":{"line":97,"column":19},"end":{"line":97,"column":31}}},"9":{"name":"(anonymous_9)","line":98,"loc":{"start":{"line":98,"column":22},"end":{"line":98,"column":39}}},"10":{"name":"(anonymous_10)","line":104,"loc":{"start":{"line":104,"column":21},"end":{"line":104,"column":33}}},"11":{"name":"(anonymous_11)","line":109,"loc":{"start":{"line":109,"column":20},"end":{"line":109,"column":32}}},"12":{"name":"(anonymous_12)","line":113,"loc":{"start":{"line":113,"column":22},"end":{"line":113,"column":39}}},"13":{"name":"(anonymous_13)","line":122,"loc":{"start":{"line":122,"column":25},"end":{"line":122,"column":37}}},"14":{"name":"(anonymous_14)","line":137,"loc":{"start":{"line":137,"column":26},"end":{"line":137,"column":51}}},"15":{"name":"(anonymous_15)","line":149,"loc":{"start":{"line":149,"column":21},"end":{"line":149,"column":33}}},"16":{"name":"(anonymous_16)","line":160,"loc":{"start":{"line":160,"column":23},"end":{"line":160,"column":35}}},"17":{"name":"(anonymous_17)","line":162,"loc":{"start":{"line":162,"column":22},"end":{"line":162,"column":39}}},"18":{"name":"(anonymous_18)","line":176,"loc":{"start":{"line":176,"column":23},"end":{"line":176,"column":40}}},"19":{"name":"(anonymous_19)","line":184,"loc":{"start":{"line":184,"column":16},"end":{"line":184,"column":28}}},"20":{"name":"(anonymous_20)","line":199,"loc":{"start":{"line":199,"column":18},"end":{"line":199,"column":30}}},"21":{"name":"(anonymous_21)","line":214,"loc":{"start":{"line":214,"column":24},"end":{"line":214,"column":36}}},"22":{"name":"(anonymous_22)","line":229,"loc":{"start":{"line":229,"column":34},"end":{"line":229,"column":56}}}},"statementMap":{"1":{"start":{"line":4,"column":0},"end":{"line":252,"column":16}},"2":{"start":{"line":5,"column":4},"end":{"line":5,"column":19}},"3":{"start":{"line":14,"column":4},"end":{"line":16,"column":6}},"4":{"start":{"line":15,"column":8},"end":{"line":15,"column":37}},"5":{"start":{"line":18,"column":4},"end":{"line":51,"column":7}},"6":{"start":{"line":23,"column":12},"end":{"line":25,"column":13}},"7":{"start":{"line":24,"column":16},"end":{"line":24,"column":23}},"8":{"start":{"line":27,"column":12},"end":{"line":27,"column":28}},"9":{"start":{"line":29,"column":12},"end":{"line":29,"column":34}},"10":{"start":{"line":30,"column":12},"end":{"line":30,"column":35}},"11":{"start":{"line":31,"column":12},"end":{"line":31,"column":46}},"12":{"start":{"line":37,"column":12},"end":{"line":39,"column":13}},"13":{"start":{"line":38,"column":16},"end":{"line":38,"column":23}},"14":{"start":{"line":41,"column":12},"end":{"line":41,"column":43}},"15":{"start":{"line":42,"column":12},"end":{"line":44,"column":13}},"16":{"start":{"line":43,"column":16},"end":{"line":43,"column":23}},"17":{"start":{"line":46,"column":12},"end":{"line":46,"column":37}},"18":{"start":{"line":47,"column":12},"end":{"line":47,"column":56}},"19":{"start":{"line":48,"column":12},"end":{"line":48,"column":33}},"20":{"start":{"line":59,"column":4},"end":{"line":63,"column":6}},"21":{"start":{"line":60,"column":8},"end":{"line":60,"column":37}},"22":{"start":{"line":61,"column":8},"end":{"line":61,"column":27}},"23":{"start":{"line":62,"column":8},"end":{"line":62,"column":43}},"24":{"start":{"line":65,"column":4},"end":{"line":169,"column":7}},"25":{"start":{"line":71,"column":12},"end":{"line":80,"column":13}},"26":{"start":{"line":72,"column":16},"end":{"line":74,"column":17}},"27":{"start":{"line":73,"column":20},"end":{"line":73,"column":27}},"28":{"start":{"line":75,"column":16},"end":{"line":75,"column":49}},"29":{"start":{"line":76,"column":16},"end":{"line":76,"column":31}},"30":{"start":{"line":77,"column":16},"end":{"line":77,"column":46}},"31":{"start":{"line":79,"column":16},"end":{"line":79,"column":33}},"32":{"start":{"line":87,"column":12},"end":{"line":89,"column":13}},"33":{"start":{"line":88,"column":16},"end":{"line":88,"column":23}},"34":{"start":{"line":91,"column":12},"end":{"line":91,"column":44}},"35":{"start":{"line":92,"column":12},"end":{"line":92,"column":29}},"36":{"start":{"line":93,"column":12},"end":{"line":93,"column":42}},"37":{"start":{"line":98,"column":12},"end":{"line":100,"column":15}},"38":{"start":{"line":99,"column":16},"end":{"line":99,"column":31}},"39":{"start":{"line":101,"column":12},"end":{"line":101,"column":42}},"40":{"start":{"line":105,"column":12},"end":{"line":105,"column":30}},"41":{"start":{"line":110,"column":12},"end":{"line":112,"column":13}},"42":{"start":{"line":111,"column":16},"end":{"line":111,"column":23}},"43":{"start":{"line":113,"column":12},"end":{"line":115,"column":15}},"44":{"start":{"line":114,"column":16},"end":{"line":114,"column":33}},"45":{"start":{"line":116,"column":12},"end":{"line":116,"column":42}},"46":{"start":{"line":123,"column":12},"end":{"line":127,"column":13}},"47":{"start":{"line":124,"column":16},"end":{"line":124,"column":34}},"48":{"start":{"line":126,"column":16},"end":{"line":126,"column":33}},"49":{"start":{"line":138,"column":12},"end":{"line":140,"column":13}},"50":{"start":{"line":139,"column":16},"end":{"line":139,"column":35}},"51":{"start":{"line":141,"column":12},"end":{"line":141,"column":47}},"52":{"start":{"line":142,"column":12},"end":{"line":142,"column":24}},"53":{"start":{"line":150,"column":12},"end":{"line":152,"column":13}},"54":{"start":{"line":151,"column":16},"end":{"line":151,"column":26}},"55":{"start":{"line":153,"column":12},"end":{"line":153,"column":60}},"56":{"start":{"line":161,"column":12},"end":{"line":161,"column":25}},"57":{"start":{"line":162,"column":12},"end":{"line":166,"column":15}},"58":{"start":{"line":163,"column":16},"end":{"line":165,"column":17}},"59":{"start":{"line":164,"column":20},"end":{"line":164,"column":36}},"60":{"start":{"line":167,"column":12},"end":{"line":167,"column":23}},"61":{"start":{"line":176,"column":4},"end":{"line":178,"column":6}},"62":{"start":{"line":177,"column":8},"end":{"line":177,"column":27}},"63":{"start":{"line":180,"column":4},"end":{"line":221,"column":7}},"64":{"start":{"line":185,"column":12},"end":{"line":187,"column":13}},"65":{"start":{"line":186,"column":16},"end":{"line":186,"column":23}},"66":{"start":{"line":189,"column":12},"end":{"line":189,"column":33}},"67":{"start":{"line":190,"column":12},"end":{"line":190,"column":43}},"68":{"start":{"line":192,"column":12},"end":{"line":194,"column":13}},"69":{"start":{"line":193,"column":16},"end":{"line":193,"column":45}},"70":{"start":{"line":200,"column":12},"end":{"line":202,"column":13}},"71":{"start":{"line":201,"column":16},"end":{"line":201,"column":23}},"72":{"start":{"line":204,"column":12},"end":{"line":204,"column":34}},"73":{"start":{"line":205,"column":12},"end":{"line":205,"column":45}},"74":{"start":{"line":207,"column":12},"end":{"line":209,"column":13}},"75":{"start":{"line":208,"column":16},"end":{"line":208,"column":47}},"76":{"start":{"line":215,"column":12},"end":{"line":219,"column":13}},"77":{"start":{"line":216,"column":16},"end":{"line":216,"column":32}},"78":{"start":{"line":218,"column":16},"end":{"line":218,"column":30}},"79":{"start":{"line":229,"column":4},"end":{"line":249,"column":6}},"80":{"start":{"line":230,"column":8},"end":{"line":230,"column":64}},"81":{"start":{"line":232,"column":8},"end":{"line":233,"column":39}},"82":{"start":{"line":235,"column":8},"end":{"line":238,"column":9}},"83":{"start":{"line":236,"column":12},"end":{"line":236,"column":57}},"84":{"start":{"line":237,"column":12},"end":{"line":237,"column":19}},"85":{"start":{"line":240,"column":8},"end":{"line":243,"column":9}},"86":{"start":{"line":241,"column":12},"end":{"line":241,"column":58}},"87":{"start":{"line":242,"column":12},"end":{"line":242,"column":19}},"88":{"start":{"line":245,"column":8},"end":{"line":248,"column":9}},"89":{"start":{"line":246,"column":12},"end":{"line":246,"column":58}},"90":{"start":{"line":247,"column":12},"end":{"line":247,"column":19}},"91":{"start":{"line":251,"column":4},"end":{"line":251,"column":17}}},"branchMap":{"1":{"line":23,"type":"if","locations":[{"start":{"line":23,"column":12},"end":{"line":23,"column":12}},{"start":{"line":23,"column":12},"end":{"line":23,"column":12}}]},"2":{"line":23,"type":"binary-expr","locations":[{"start":{"line":23,"column":16},"end":{"line":23,"column":21}},{"start":{"line":23,"column":25},"end":{"line":23,"column":48}}]},"3":{"line":37,"type":"if","locations":[{"start":{"line":37,"column":12},"end":{"line":37,"column":12}},{"start":{"line":37,"column":12},"end":{"line":37,"column":12}}]},"4":{"line":41,"type":"binary-expr","locations":[{"start":{"line":41,"column":20},"end":{"line":41,"column":25}},{"start":{"line":41,"column":29},"end":{"line":41,"column":42}}]},"5":{"line":42,"type":"if","locations":[{"start":{"line":42,"column":12},"end":{"line":42,"column":12}},{"start":{"line":42,"column":12},"end":{"line":42,"column":12}}]},"6":{"line":71,"type":"if","locations":[{"start":{"line":71,"column":12},"end":{"line":71,"column":12}},{"start":{"line":71,"column":12},"end":{"line":71,"column":12}}]},"7":{"line":71,"type":"binary-expr","locations":[{"start":{"line":71,"column":16},"end":{"line":71,"column":57}},{"start":{"line":71,"column":61},"end":{"line":71,"column":83}},{"start":{"line":71,"column":87},"end":{"line":71,"column":129}}]},"8":{"line":72,"type":"if","locations":[{"start":{"line":72,"column":16},"end":{"line":72,"column":16}},{"start":{"line":72,"column":16},"end":{"line":72,"column":16}}]},"9":{"line":87,"type":"if","locations":[{"start":{"line":87,"column":12},"end":{"line":87,"column":12}},{"start":{"line":87,"column":12},"end":{"line":87,"column":12}}]},"10":{"line":110,"type":"if","locations":[{"start":{"line":110,"column":12},"end":{"line":110,"column":12}},{"start":{"line":110,"column":12},"end":{"line":110,"column":12}}]},"11":{"line":123,"type":"if","locations":[{"start":{"line":123,"column":12},"end":{"line":123,"column":12}},{"start":{"line":123,"column":12},"end":{"line":123,"column":12}}]},"12":{"line":138,"type":"if","locations":[{"start":{"line":138,"column":12},"end":{"line":138,"column":12}},{"start":{"line":138,"column":12},"end":{"line":138,"column":12}}]},"13":{"line":150,"type":"if","locations":[{"start":{"line":150,"column":12},"end":{"line":150,"column":12}},{"start":{"line":150,"column":12},"end":{"line":150,"column":12}}]},"14":{"line":163,"type":"if","locations":[{"start":{"line":163,"column":16},"end":{"line":163,"column":16}},{"start":{"line":163,"column":16},"end":{"line":163,"column":16}}]},"15":{"line":185,"type":"if","locations":[{"start":{"line":185,"column":12},"end":{"line":185,"column":12}},{"start":{"line":185,"column":12},"end":{"line":185,"column":12}}]},"16":{"line":192,"type":"if","locations":[{"start":{"line":192,"column":12},"end":{"line":192,"column":12}},{"start":{"line":192,"column":12},"end":{"line":192,"column":12}}]},"17":{"line":200,"type":"if","locations":[{"start":{"line":200,"column":12},"end":{"line":200,"column":12}},{"start":{"line":200,"column":12},"end":{"line":200,"column":12}}]},"18":{"line":207,"type":"if","locations":[{"start":{"line":207,"column":12},"end":{"line":207,"column":12}},{"start":{"line":207,"column":12},"end":{"line":207,"column":12}}]},"19":{"line":215,"type":"if","locations":[{"start":{"line":215,"column":12},"end":{"line":215,"column":12}},{"start":{"line":215,"column":12},"end":{"line":215,"column":12}}]},"20":{"line":235,"type":"if","locations":[{"start":{"line":235,"column":8},"end":{"line":235,"column":8}},{"start":{"line":235,"column":8},"end":{"line":235,"column":8}}]},"21":{"line":240,"type":"if","locations":[{"start":{"line":240,"column":8},"end":{"line":240,"column":8}},{"start":{"line":240,"column":8},"end":{"line":240,"column":8}}]},"22":{"line":245,"type":"if","locations":[{"start":{"line":245,"column":8},"end":{"line":245,"column":8}},{"start":{"line":245,"column":8},"end":{"line":245,"column":8}}]},"23":{"line":245,"type":"binary-expr","locations":[{"start":{"line":245,"column":12},"end":{"line":245,"column":30}},{"start":{"line":245,"column":34},"end":{"line":245,"column":57}}]}}}}